Traceback (most recent call last):
  File "/Users/dl20/opt/anaconda3/envs/jupyterbook/lib/python3.10/site-packages/jupyter_cache/executors/utils.py", line 51, in single_nb_execution
    executenb(
  File "/Users/dl20/opt/anaconda3/envs/jupyterbook/lib/python3.10/site-packages/nbclient/client.py", line 1204, in execute
    return NotebookClient(nb=nb, resources=resources, km=km, **kwargs).execute()
  File "/Users/dl20/opt/anaconda3/envs/jupyterbook/lib/python3.10/site-packages/nbclient/util.py", line 84, in wrapped
    return just_run(coro(*args, **kwargs))
  File "/Users/dl20/opt/anaconda3/envs/jupyterbook/lib/python3.10/site-packages/nbclient/util.py", line 62, in just_run
    return loop.run_until_complete(coro)
  File "/Users/dl20/opt/anaconda3/envs/jupyterbook/lib/python3.10/asyncio/base_events.py", line 646, in run_until_complete
    return future.result()
  File "/Users/dl20/opt/anaconda3/envs/jupyterbook/lib/python3.10/site-packages/nbclient/client.py", line 663, in async_execute
    await self.async_execute_cell(
  File "/Users/dl20/opt/anaconda3/envs/jupyterbook/lib/python3.10/site-packages/nbclient/client.py", line 965, in async_execute_cell
    await self._check_raise_for_error(cell, cell_index, exec_reply)
  File "/Users/dl20/opt/anaconda3/envs/jupyterbook/lib/python3.10/site-packages/nbclient/client.py", line 862, in _check_raise_for_error
    raise CellExecutionError.from_cell_and_msg(cell, exec_reply_content)
nbclient.exceptions.CellExecutionError: An error occurred while executing the following cell:
------------------
from mobilechelonian import Turtle
import numpy as np

# the centre coordinate is (200, 200)
centre = 200

# create a turtle caled Terry
terry = Turtle()
terry.speed(10)

# we need a variable to keep track of the angle to turn to make the spiral
i = 1

# Loop until terry is 150 away from the centre in the x or y direction.
# np.abs computes the absolute value of its argument, so we are testing the if the difference
# between centre and posX is < 150, and the difference between centre and posY is < 150.
while (np.abs(centre - terry.posX) < 150) and (np.abs(centre - terry.posY) < 150):
    # move forward a small amount to approximate a curve
    terry.forward(5)
    
    # The angle terry turns should get smaller as he goes to obtain a spiral
    # so turn by 360/i, then increase i.
    # There are many other choices that would also make a spiral.
    terry.left(360/i)
    i = i + 1
------------------

[0;31m---------------------------------------------------------------------------[0m
[0;31mModuleNotFoundError[0m                       Traceback (most recent call last)
Input [0;32mIn [3][0m, in [0;36m<cell line: 1>[0;34m()[0m
[0;32m----> 1[0m [38;5;28;01mfrom[39;00m [38;5;21;01mmobilechelonian[39;00m [38;5;28;01mimport[39;00m Turtle
[1;32m      2[0m [38;5;28;01mimport[39;00m [38;5;21;01mnumpy[39;00m [38;5;28;01mas[39;00m [38;5;21;01mnp[39;00m
[1;32m      4[0m [38;5;66;03m# the centre coordinate is (200, 200)[39;00m

[0;31mModuleNotFoundError[0m: No module named 'mobilechelonian'
ModuleNotFoundError: No module named 'mobilechelonian'

